
=== Mon Apr  8 09:40:55 2019

Packages were changed.
Update Mode: updateDependencies

The following packages were added:
  com.unity.2d.tilemap@1.0.0
  com.unity.collab-proxy@1.2.16
  com.unity.timeline@1.0.0
  com.unity.2d.sprite@1.0.0
  com.unity.modules.androidjni@1.0.0
  com.unity.multiplayer-hlapi@1.0.1
  com.unity.xr.legacyinputhelpers@1.0.0
The following packages were updated:
  com.unity.analytics from version 2.0.16 to 3.2.2
  com.unity.package-manager-ui from version 1.9.9 to 2.2.0
  com.unity.postprocessing from version 0.1.8 to 2.1.2
  com.unity.purchasing from version 2.0.1 to 2.0.6
  com.unity.textmeshpro from version 1.2.1 to 1.3.0

=== Mon Apr  8 09:48:35 2019

Packages were changed.
Update Mode: resetToDefaultDependencies

The following packages were removed:
  com.unity.2d.sprite@1.0.0
  com.unity.2d.tilemap@1.0.0
  com.unity.entities@0.0.12-preview.30
  com.unity.multiplayer-hlapi@1.0.1
  com.unity.postprocessing@2.1.2
  com.unity.probuilder@3.0.8
  com.unity.progrids@3.0.3-preview.0
  com.unity.xr.legacyinputhelpers@1.0.0
